2022-12-08 21:35:19 DEBUG UpdateProducerImpl:20 - /start
2022-12-08 21:37:18 DEBUG UpdateProducerImpl:20 - 
2022-12-08 22:05:36 DEBUG UpdateProducerImpl:20 - hello world!
2022-12-08 22:11:12 DEBUG UpdateProducerImpl:20 - 
2022-12-08 22:17:27 DEBUG UpdateProducerImpl:20 - 
2022-12-08 22:18:44 DEBUG UpdateProducerImpl:20 - s.f,msfd
2022-12-08 22:22:40 DEBUG UpdateProducerImpl:20 - 
2022-12-08 22:23:08 DEBUG UpdateProducerImpl:20 - 
2022-12-08 23:20:38 DEBUG UpdateProducerImpl:20 - hello
2022-12-08 23:20:38 DEBUG UpdateProducerImpl:20 - qwerty
2022-12-08 23:21:23 DEBUG UpdateProducerImpl:20 - 12345
2022-12-08 23:22:51 DEBUG UpdateProducerImpl:20 - zxcv
2022-12-11 23:24:52 ERROR UpdateController:37 - Unsupported message type is received: Update(updateId=432844615, message=null, inlineQuery=null, chosenInlineQuery=null, callbackQuery=null, editedMessage=null, channelPost=null, editedChannelPost=null, shippingQuery=null, preCheckoutQuery=null, poll=null, pollAnswer=null, myChatMember=ChatMemberUpdated(chat=Chat(id=628839441, type=private, title=null, firstName=Сергей, lastName=null, userName=cherepnin_sv, photo=null, description=null, inviteLink=null, pinnedMessage=null, stickerSetName=null, canSetStickerSet=null, permissions=null, slowModeDelay=null, bio=null, linkedChatId=null, location=null, messageAutoDeleteTime=null, hasPrivateForwards=null, HasProtectedContent=null, joinToSendMessages=null, joinByRequest=null), from=User(id=628839441, firstName=Сергей, isBot=false, lastName=null, userName=cherepnin_sv, languageCode=ru, canJoinGroups=null, canReadAllGroupMessages=null, supportInlineQueries=null, isPremium=null, addedToAttachmentMenu=null), date=1670790293, oldChatMember=ChatMemberMember(status=member, user=User(id=5635947024, firstName=File-Storage, isBot=true, lastName=null, userName=tg_my_files_bot, languageCode=null, canJoinGroups=null, canReadAllGroupMessages=null, supportInlineQueries=null, isPremium=null, addedToAttachmentMenu=null)), newChatMember=ChatMemberBanned(status=kicked, user=User(id=5635947024, firstName=File-Storage, isBot=true, lastName=null, userName=tg_my_files_bot, languageCode=null, canJoinGroups=null, canReadAllGroupMessages=null, supportInlineQueries=null, isPremium=null, addedToAttachmentMenu=null), untilDate=0), inviteLink=null), chatMember=null, chatJoinRequest=null)
2022-12-11 23:24:54 ERROR UpdateController:37 - Unsupported message type is received: Update(updateId=432844616, message=null, inlineQuery=null, chosenInlineQuery=null, callbackQuery=null, editedMessage=null, channelPost=null, editedChannelPost=null, shippingQuery=null, preCheckoutQuery=null, poll=null, pollAnswer=null, myChatMember=ChatMemberUpdated(chat=Chat(id=628839441, type=private, title=null, firstName=Сергей, lastName=null, userName=cherepnin_sv, photo=null, description=null, inviteLink=null, pinnedMessage=null, stickerSetName=null, canSetStickerSet=null, permissions=null, slowModeDelay=null, bio=null, linkedChatId=null, location=null, messageAutoDeleteTime=null, hasPrivateForwards=null, HasProtectedContent=null, joinToSendMessages=null, joinByRequest=null), from=User(id=628839441, firstName=Сергей, isBot=false, lastName=null, userName=cherepnin_sv, languageCode=ru, canJoinGroups=null, canReadAllGroupMessages=null, supportInlineQueries=null, isPremium=null, addedToAttachmentMenu=null), date=1670790295, oldChatMember=ChatMemberBanned(status=kicked, user=User(id=5635947024, firstName=File-Storage, isBot=true, lastName=null, userName=tg_my_files_bot, languageCode=null, canJoinGroups=null, canReadAllGroupMessages=null, supportInlineQueries=null, isPremium=null, addedToAttachmentMenu=null), untilDate=0), newChatMember=ChatMemberMember(status=member, user=User(id=5635947024, firstName=File-Storage, isBot=true, lastName=null, userName=tg_my_files_bot, languageCode=null, canJoinGroups=null, canReadAllGroupMessages=null, supportInlineQueries=null, isPremium=null, addedToAttachmentMenu=null)), inviteLink=null), chatMember=null, chatJoinRequest=null)
2022-12-11 23:24:54 DEBUG UpdateProducerImpl:20 - /start
2022-12-11 23:25:12 DEBUG UpdateProducerImpl:20 - /help
2022-12-11 23:25:27 DEBUG UpdateProducerImpl:20 - /registration
2022-12-11 23:25:34 DEBUG UpdateProducerImpl:20 - /cancel
2022-12-11 23:25:46 DEBUG UpdateProducerImpl:20 - /sufh
2022-12-11 23:26:16 DEBUG UpdateProducerImpl:20 - 
2022-12-11 23:26:53 DEBUG UpdateProducerImpl:20 - 
2022-12-13 19:24:08 DEBUG UpdateProducerImpl:20 - 
2022-12-13 19:25:03 DEBUG UpdateProducerImpl:20 - /cancel
2022-12-13 19:25:13 DEBUG UpdateProducerImpl:20 - /help
2022-12-13 19:25:24 DEBUG UpdateProducerImpl:20 - /registration
2022-12-13 19:26:47 DEBUG UpdateProducerImpl:20 - /wjehj
2022-12-13 19:27:00 DEBUG UpdateProducerImpl:20 - /registartion1
2022-12-13 20:27:20 DEBUG UpdateProducerImpl:20 - 
2022-12-13 20:28:37 DEBUG UpdateProducerImpl:20 - 
2022-12-13 20:30:11 DEBUG UpdateProducerImpl:20 - 
2022-12-13 20:42:01 DEBUG UpdateProducerImpl:20 - 
2022-12-13 20:46:00 DEBUG UpdateProducerImpl:20 - 
2022-12-14 09:54:30 DEBUG UpdateProducerImpl:20 - 
2022-12-14 10:00:32 DEBUG UpdateProducerImpl:20 - 
2022-12-14 10:02:16 DEBUG UpdateProducerImpl:20 - 
2022-12-14 10:06:19 DEBUG UpdateProducerImpl:20 - 
2022-12-14 10:06:56 DEBUG UpdateProducerImpl:20 - 
2022-12-14 10:07:25 DEBUG UpdateProducerImpl:20 - 
2022-12-14 15:05:09 DEBUG UpdateProducerImpl:20 - 
2022-12-15 18:52:14 DEBUG UpdateProducerImpl:20 - 
2022-12-15 22:42:28 DEBUG UpdateProducerImpl:20 - 
2022-12-15 22:46:47 DEBUG UpdateProducerImpl:20 - 
2022-12-15 22:46:57 DEBUG UpdateProducerImpl:20 - 
2022-12-16 19:50:32 DEBUG UpdateProducerImpl:20 - 
2022-12-18 23:22:57 DEBUG UpdateProducerImpl:20 - /help
2022-12-18 23:23:05 DEBUG UpdateProducerImpl:20 - /cancel
2022-12-18 23:23:15 DEBUG UpdateProducerImpl:20 - /registration
2022-12-18 23:23:29 DEBUG UpdateProducerImpl:20 - 
2022-12-18 23:24:14 DEBUG UpdateProducerImpl:20 - 
2023-01-05 21:06:01 DEBUG UpdateProducerImpl:20 - /help
2023-01-05 21:07:50 DEBUG UpdateProducerImpl:20 - 
2023-01-05 21:08:17 DEBUG UpdateProducerImpl:20 - /help
2023-01-05 21:08:34 DEBUG UpdateProducerImpl:20 - /registration
2023-01-05 21:08:43 DEBUG UpdateProducerImpl:20 - sfnsbf
2023-01-05 21:09:12 DEBUG UpdateProducerImpl:20 - /cancel
2023-01-05 21:10:52 DEBUG UpdateProducerImpl:20 - /registration
2023-01-05 21:10:57 DEBUG UpdateProducerImpl:20 - hewey92328@kaftee.com
2023-01-05 21:12:31 DEBUG UpdateProducerImpl:20 - /help
2023-01-05 21:12:34 DEBUG UpdateProducerImpl:20 - /registration
2023-01-05 21:18:01 DEBUG UpdateProducerImpl:20 - 
2023-01-05 21:18:10 DEBUG UpdateProducerImpl:20 - /help
2023-01-05 21:18:15 DEBUG UpdateProducerImpl:20 - /registration
2023-01-05 21:19:58 DEBUG UpdateProducerImpl:20 - hewey92328@kaftee.com
2023-01-05 21:57:19 DEBUG UpdateProducerImpl:20 - 
2023-01-05 21:58:07 DEBUG UpdateProducerImpl:20 - /help
2023-01-05 21:58:18 DEBUG UpdateProducerImpl:20 - /registration
2023-01-05 21:58:36 DEBUG UpdateProducerImpl:20 - hewey92328@kaftee.com
2023-01-05 22:04:42 DEBUG UpdateProducerImpl:20 - 
2023-01-05 22:05:05 DEBUG UpdateProducerImpl:20 - /registration
2023-01-05 22:15:07 DEBUG UpdateProducerImpl:20 - hewey92328@kaftee.com
2023-01-05 22:15:14 DEBUG UpdateProducerImpl:20 - /help
2023-01-05 22:15:21 DEBUG UpdateProducerImpl:20 - /registration
2023-01-05 22:25:12 DEBUG UpdateProducerImpl:20 - 
2023-01-05 22:25:18 DEBUG UpdateProducerImpl:20 - /help
2023-01-05 22:25:20 DEBUG UpdateProducerImpl:20 - /registration
2023-01-05 22:25:26 DEBUG UpdateProducerImpl:20 - hewey92328@kaftee.com
2023-01-05 22:38:39 DEBUG UpdateProducerImpl:20 - 
2023-01-05 22:38:46 DEBUG UpdateProducerImpl:20 - /help
2023-01-05 22:38:49 DEBUG UpdateProducerImpl:20 - /registration
2023-01-05 22:39:25 DEBUG UpdateProducerImpl:20 - hewey92328@kaftee.com
2023-01-05 22:41:57 DEBUG UpdateProducerImpl:20 - /registration
2023-01-05 22:42:00 DEBUG UpdateProducerImpl:20 - hewey92328@kaftee.com
2023-01-05 22:48:00 DEBUG UpdateProducerImpl:20 - /registration
2023-01-05 22:49:11 DEBUG UpdateProducerImpl:20 - 
2023-01-10 22:12:32 DEBUG UpdateProducerImpl:20 - /help
2023-01-10 22:12:50 DEBUG UpdateProducerImpl:20 - 
2023-01-10 22:13:21 DEBUG UpdateProducerImpl:20 - /registration
2023-01-10 22:13:56 DEBUG UpdateProducerImpl:20 - febip61817@usharer.com
2023-01-10 22:14:40 DEBUG UpdateProducerImpl:20 - 
